[history.cpp:268]: Executing History from -1.1.1 to  2.1.1
[history.cpp:268]: Executing History from 2.1.1 to  1836.1.1
[citypool.cpp:128]: Initialized cities with total 1728 meshes of typical buildings.
[citypool.cpp:151]: Initialized cities with total 64 meshes of special buildings.
[citypool.cpp:151]: Initialized cities with total 64 meshes of special buildings.
[citypool.cpp:151]: Initialized cities with total 64 meshes of special buildings.
[citypool.cpp:151]: Initialized cities with total 64 meshes of special buildings.
[controlcommands.cpp:89]: Human Player set as primary local
[frontend.cpp:725]: 

		[[ Launching SINGLEPLAYER-game ]]
	Start-date: 1836.1.1
	Country: France


[messagehandler.h:332]: 1 January, 1836: Hesse-Kassel has increased their relations with Holstein.
[messagehandler.h:332]: 1 January, 1836: Holstein has increased their relations with Prussia.
[messagehandler.h:332]: 1 January, 1836: Mecklenburg has increased their relations with Denmark.
[messagehandler.h:332]: 1 January, 1836: Wrttemberg has increased their relations with us.
[messagehandler.h:332]: 1 January, 1836: Decision: Voule ton Ellinon in Greece.
[messagehandler.h:332]: 1 January, 1836: Ionian Islands has increased their relations with Austria.
[messagehandler.h:332]: 1 January, 1836: The United Kingdom has increased their relations with Spain.
[messagehandler.h:332]: 1 January, 1836: 即Greece劬 entered a Military Alliance with 即The United Kingdom劬
[messagehandler.h:332]: 1 January, 1836: The Russian Empire declined a Military Alliance offer from Denmark.
[messagehandler.h:332]: 1 January, 1836: 即Hamburg劬 entered a Military Alliance with 即Prussia劬
[messagehandler.h:332]: 1 January, 1836: 即Lippe-Detmold劬 entered a Military Alliance with 即Prussia劬
[messagehandler.h:332]: 1 January, 1836: The USA has increased their relations with Mexico.
[messagehandler.h:332]: 1 January, 1836: Hesse-Kassel declined a Military Alliance offer from Bremen.
[messagehandler.h:332]: 1 January, 1836: Lbeck has increased their relations with Holstein.
[messagehandler.h:332]: 1 January, 1836: Parma has increased their relations with Sardinia-Piedmont.
[messagehandler.h:332]: 1 January, 1836: Sardinia-Piedmont has increased their relations with Parma.
[messagehandler.h:332]: 1 January, 1836: Moldavia has increased their relations with Wallachia.
[messagehandler.h:332]: 1 January, 1836: Serbia has increased their relations with Wallachia.
[messagehandler.h:332]: 1 January, 1836: 即Bukkhara劬 entered a Military Alliance with 即Persia劬
[messagehandler.h:332]: 1 January, 1836: Panjab declined a Military Alliance offer from Nepal.
[messagehandler.h:332]: 1 January, 1836: Brazil declined a Military Alliance offer from Argentina.
