[main.cpp:509]: Loading text.csv took 0.366524 seconds...
[main.cpp:512]: Loading files took 0.227828
[main.cpp:513]: Loading blob took 0.111626
[main.cpp:579]: 
***>  Total loadtime before app init 6.67085 seconds.
[eu3application.cpp:345]: Initiliasing Music & Sound<0.610732>
[eu3application.cpp:415]: Loading .gfx files <1.95094>
[eu3application.cpp:428]: Initialise Graphics<7.93138>
[eu3application.cpp:493]: Loading GUI <0.390395>
[eu3application.cpp:1125]: Loading Databases <0.612479>
[map.cpp:321]: It takes <0.0038256> seconds to generate colorspace.
[map.cpp:389]: It takes <0.692509> seconds to load mapfiles.
[map.cpp:433]: It takes <0.0663373> seconds to generate provinces.
[map.cpp:438]: It takes <0.207336> seconds to generate bounding boxes.
[map.cpp:607]: It takes <1.80549> seconds to calculate paths.
[map.cpp:615]: It takes <0.844776> seconds to fix naval distances.
[map.cpp:646]: It takes <3.87279> in total to init map-logics.
[eu3application.cpp:1150]: final pass of databases <0.0080471>
[eu3application.cpp:1177]: units&techh database <0.0607796>
[eu3application.cpp:1196]: country database <1.24687>
[eu3application.cpp:1212]: news database <0.409508>
[eu3application.cpp:1312]: Loading History Database <7.08023>
[eu3application.cpp:500]: ****> databases was total of <13.8837>
[eu3application.cpp:507]: Loading Events <0.404221>
[eu3application.cpp:521]: Loading Soundeffects <0.440725>
[eu3application.cpp:531]: Loading Flags <6.70655>
[eu3application.cpp:578]: history execute <1.27907>
[eu3application.cpp:584]: Idler Initialised <0.00703049>
[eu3application.cpp:768]: Creating checksum for all files took 2.28841 seconds.
[main.cpp:586]: 
***>  Total loadtime after app init 42.5662 seconds.
[frontend.cpp:447]: Initialising frontend artwork <0.00025177>
[provincemanager.cpp:494]: CEU3MapCache creation <0.322646>
[provincemanager.cpp:726]: Finished creating beach manager <0.0521929>
[provincemanager.cpp:738]: Province collision meshes <0.0032388>
[bordermanager.cpp:137]:     CBorderManager::FillBitmap() <1.14353>
[provincemanager.cpp:751]: Creating borders <1.14385>
[provincemanager.cpp:767]: Creating texts <0.0888953>
[provincemanager.cpp:799]: Creating rivers <0.194274>
[provincemanager.cpp:1697]: Creating terrain textures <0.33094>
[provincemanager.cpp:1705]: Creating visible from <0>
[provincemanager.cpp:2328]: Quad creation <13.7161>
[provincemanager.cpp:1740]: Creating meshes from <14.3245>
[provincemanager.cpp:1788]: Creating waves <0.00926018>
[provincemanager.cpp:812]: Creating the world <14.8227>
[provincemanager.cpp:822]: Writing timefile for map<0.00261688>
[provincemanager.cpp:833]: Cleaning up provincemanager<2.67029e-005>
[eu3application.cpp:783]: Initialising Graphical Map <17.4929>
[eu3application.cpp:788]: Cleaning up after Graphical Map <0.117649>
[frontend.cpp:480]: Mapflags <0>
[frontend.cpp:488]: Device objects <0.000785828>
[frontend.cpp:505]: frontend screens <0.743229>
[frontend.cpp:511]: 


Total loadtime was 60.9242 seconds.


[eu3idler.cpp:911]: Moving History to Gamestate<0.0068991>
[eu3idler.cpp:958]: Knowledge refreshment<5.06002e-005>
[eu3idler.cpp:966]: AI Started<0.0041305>
[eu3idler.cpp:989]: Final idler initialisation<0.10977>
[eu3idler.cpp:5530]: Countries initialized<1.12643>
[eu3idler.cpp:5580]: provinces initialised<0.0163804>
[eu3idler.cpp:5629]: information caches setup<0.0985447>
[eu3idler.cpp:5644]:  processed intel setup <0.215358>
[eu3idler.cpp:5681]:  processed time init <0.128765>
[eu3idler.cpp:6017]: graphics objects setup<2.70289>
[eu3idler.cpp:6026]:  intel update<0.00317764>
[eu3idler.cpp:6120]: skin loading<0.0612483>
[eu3idler.cpp:3043]: Timer check for 1836.1.1 at 4.39222 seconds.
